<?xml version="1.0" encoding="UTF-8"?>
<testsuites>
  <testsuite name="fastlane.lanes">
    
    
    
      
      <testcase classname="fastlane.lanes" name="0: default_platform" time="0.000201">
        
      </testcase>
    
      
      <testcase classname="fastlane.lanes" name="1: clean assembleRelease" time="21.899237">
        
          <failure message="/Library/Ruby/Gems/2.6.0/gems/fastlane-2.205.2/fastlane/lib/fastlane/actions/actions_helper.rb:67:in `execute_action'&#10;/Library/Ruby/Gems/2.6.0/gems/fastlane-2.205.2/fastlane/lib/fastlane/runner.rb:255:in `block in execute_action'&#10;/Library/Ruby/Gems/2.6.0/gems/fastlane-2.205.2/fastlane/lib/fastlane/runner.rb:229:in `chdir'&#10;/Library/Ruby/Gems/2.6.0/gems/fastlane-2.205.2/fastlane/lib/fastlane/runner.rb:229:in `execute_action'&#10;/Library/Ruby/Gems/2.6.0/gems/fastlane-2.205.2/fastlane/lib/fastlane/runner.rb:157:in `trigger_action_by_name'&#10;/Library/Ruby/Gems/2.6.0/gems/fastlane-2.205.2/fastlane/lib/fastlane/fast_file.rb:159:in `method_missing'&#10;Fastfile:26:in `block (2 levels) in parsing_binding'&#10;/Library/Ruby/Gems/2.6.0/gems/fastlane-2.205.2/fastlane/lib/fastlane/lane.rb:33:in `call'&#10;/Library/Ruby/Gems/2.6.0/gems/fastlane-2.205.2/fastlane/lib/fastlane/runner.rb:49:in `block in execute'&#10;/Library/Ruby/Gems/2.6.0/gems/fastlane-2.205.2/fastlane/lib/fastlane/runner.rb:45:in `chdir'&#10;/Library/Ruby/Gems/2.6.0/gems/fastlane-2.205.2/fastlane/lib/fastlane/runner.rb:45:in `execute'&#10;/Library/Ruby/Gems/2.6.0/gems/fastlane-2.205.2/fastlane/lib/fastlane/lane_manager.rb:47:in `cruise_lane'&#10;/Library/Ruby/Gems/2.6.0/gems/fastlane-2.205.2/fastlane/lib/fastlane/command_line_handler.rb:36:in `handle'&#10;/Library/Ruby/Gems/2.6.0/gems/fastlane-2.205.2/fastlane/lib/fastlane/commands_generator.rb:110:in `block (2 levels) in run'&#10;/Library/Ruby/Gems/2.6.0/gems/commander-4.6.0/lib/commander/command.rb:187:in `call'&#10;/Library/Ruby/Gems/2.6.0/gems/commander-4.6.0/lib/commander/command.rb:157:in `run'&#10;/Library/Ruby/Gems/2.6.0/gems/commander-4.6.0/lib/commander/runner.rb:444:in `run_active_command'&#10;/Library/Ruby/Gems/2.6.0/gems/fastlane-2.205.2/fastlane_core/lib/fastlane_core/ui/fastlane_runner.rb:124:in `run!'&#10;/Library/Ruby/Gems/2.6.0/gems/commander-4.6.0/lib/commander/delegates.rb:18:in `run!'&#10;/Library/Ruby/Gems/2.6.0/gems/fastlane-2.205.2/fastlane/lib/fastlane/commands_generator.rb:354:in `run'&#10;/Library/Ruby/Gems/2.6.0/gems/fastlane-2.205.2/fastlane/lib/fastlane/commands_generator.rb:43:in `start'&#10;/Library/Ruby/Gems/2.6.0/gems/fastlane-2.205.2/fastlane/lib/fastlane/cli_tools_distributor.rb:122:in `take_off'&#10;/Library/Ruby/Gems/2.6.0/gems/fastlane-2.205.2/bin/fastlane:23:in `&lt;top (required)&gt;'&#10;/usr/local/bin/fastlane:23:in `load'&#10;/usr/local/bin/fastlane:23:in `&lt;main&gt;'&#10;&#10;Exit status of command '/Users/dev/Desktop/Diary-DoDo/gradlew clean assembleRelease -p .' was 1 instead of 0.&#10;&#10;Welcome to Gradle 7.2!&#10;&#10;Here are the highlights of this release:&#10; - Toolchain support for Scala&#10; - More cache hits when Java source files have platform-specific line endings&#10; - More resilient remote HTTP build cache behavior&#10;&#10;For more details see https://docs.gradle.org/7.2/release-notes.html&#10;&#10;Starting a Gradle Daemon, 1 incompatible Daemon could not be reused, use --status for details&#10;&#10;&gt; Configure project :app&#10;WARNING: The option setting 'android.nonTransitiveRClass=true' is experimental.&#10;The current default is 'false'.&#10;app: 'annotationProcessor' dependencies won't be recognized as kapt annotation processors. Please change the configuration name to 'kapt' for these artifacts: 'com.github.bumptech.glide:compiler:4.12.0'.&#10;Warning: Mapping new ns http://schemas.android.com/repository/android/common/02 to old ns http://schemas.android.com/repository/android/common/01&#10;Warning: Mapping new ns http://schemas.android.com/repository/android/generic/02 to old ns http://schemas.android.com/repository/android/generic/01&#10;Warning: Mapping new ns http://schemas.android.com/sdk/android/repo/addon2/02 to old ns http://schemas.android.com/sdk/android/repo/addon2/01&#10;Warning: Mapping new ns http://schemas.android.com/sdk/android/repo/addon2/03 to old ns http://schemas.android.com/sdk/android/repo/addon2/01&#10;Warning: Mapping new ns http://schemas.android.com/sdk/android/repo/repository2/02 to old ns http://schemas.android.com/sdk/android/repo/repository2/01&#10;Warning: Mapping new ns http://schemas.android.com/sdk/android/repo/repository2/03 to old ns http://schemas.android.com/sdk/android/repo/repository2/01&#10;Warning: Mapping new ns http://schemas.android.com/sdk/android/repo/sys-img2/03 to old ns http://schemas.android.com/sdk/android/repo/sys-img2/01&#10;Warning: Mapping new ns http://schemas.android.com/sdk/android/repo/sys-img2/02 to old ns http://schemas.android.com/sdk/android/repo/sys-img2/01&#10;Warning: 예상치 않은 요소(URI: &quot;&quot;, 로컬: &quot;base-extension&quot;)입니다. 필요한 요소는 &lt;{}codename&gt;,&lt;{}layoutlib&gt;,&lt;{}api-level&gt;입니다.&#10;&#10;&gt; Task :clean UP-TO-DATE&#10;&gt; Task :app:clean FAILED&#10;&#10;FAILURE: Build failed with an exception.&#10;&#10;* What went wrong:&#10;Execution failed for task ':app:clean'.&#10;&gt; java.io.IOException: Unable to delete directory '/Users/dev/Desktop/Diary-DoDo/app/build'&#10;    Failed to delete some children. This might happen because a process has files open or has its working directory set in the target directory.&#10;    - /Users/dev/Desktop/Diary-DoDo/app/build/generated/res/pngs/release/drawable-anydpi-v24/ic_launcher_foreground.xml&#10;    - /Users/dev/Desktop/Diary-DoDo/app/build/generated/res/pngs/release/drawable-anydpi-v24&#10;    - /Users/dev/Desktop/Diary-DoDo/app/build/generated/res/pngs/release&#10;    - /Users/dev/Desktop/Diary-DoDo/app/build/generated/res/pngs/debug/drawable-anydpi-v24/ic_launcher_foreground.xml&#10;    - /Users/dev/Desktop/Diary-DoDo/app/build/generated/res/pngs/debug/drawable-anydpi-v24&#10;    - /Users/dev/Desktop/Diary-DoDo/app/build/generated/res/pngs/debug&#10;    - /Users/dev/Desktop/Diary-DoDo/app/build/generated/res/pngs&#10;    - /Users/dev/Desktop/Diary-DoDo/app/build/generated/res/google-services/release/values/values.xml&#10;    - /Users/dev/Desktop/Diary-DoDo/app/build/generated/res/google-services/release/values&#10;    - /Users/dev/Desktop/Diary-DoDo/app/build/generated/res/google-services/release&#10;    - /Users/dev/Desktop/Diary-DoDo/app/build/generated/res/google-services/debug/values/values.xml&#10;    - /Users/dev/Desktop/Diary-DoDo/app/build/generated/res/google-services/debug/values&#10;    - /Users/dev/Desktop/Diary-DoDo/app/build/generated/res/google-services/debug&#10;    - /Users/dev/Desktop/Diary-DoDo/app/build/generated/res/google-services&#10;    - /Users/dev/Desktop/Diary-DoDo/app/build/generated/res/resValues/release&#10;    - /Users/dev/Desktop/Diary-DoDo/app/build/generated/res/resValues/debug&#10;    - and more ...&#10;&#10;* Try:&#10;Run with --stacktrace option to get the stack trace. Run with --info or --debug option to get more log output. Run with --scan to get full insights.&#10;&#10;* Get more help at https://help.gradle.org&#10;&#10;BUILD FAILED in 20s&#10;2 actionable tasks: 1 executed, 1 up-to-date&#10;" />
        
      </testcase>
    
  </testsuite>
</testsuites>
